2023-12-19 09:29:09,298 [INFO] Get some coffee, this will take a while
2023-12-19 09:47:02,545 [WARNING] Invalid argument
2023-12-19 09:47:16,854 [WARNING] Invalid argument
2023-12-19 09:59:59,240 [WARNING] Database file unavailable, did you create it with 'update'?
2023-12-19 09:59:59,240 [WARNING] Message: [Errno 2] No such file or directory: 'database.links'
2023-12-19 09:59:59,240 [INFO] Good luck!
2023-12-19 10:00:11,288 [WARNING] Database file unavailable, did you create it with 'update'?
2023-12-19 10:00:11,288 [WARNING] Message: [Errno 2] No such file or directory: 'database.links'
2023-12-19 10:00:11,288 [INFO] Good luck!
2023-12-19 10:02:56,730 [WARNING] Database file unavailable, did you create it with 'update'?
2023-12-19 10:02:56,730 [WARNING] Message: [Errno 2] No such file or directory: 'database.links'
2023-12-19 10:02:56,730 [WARNING] Database file unavailable, did you create it with 'update'?
2023-12-19 10:02:56,730 [WARNING] Message: [Errno 2] No such file or directory: 'database.links'
2023-12-19 10:02:56,730 [INFO] Get some coffee, this will take a while
2023-12-19 10:11:11,974 [INFO] Good luck!
2023-12-19 10:11:26,963 [INFO] Good luck!
2023-12-19 10:11:39,929 [WARNING] Database file unavailable, did you create it with 'update'?
2023-12-19 10:11:39,929 [WARNING] Message: [Errno 2] No such file or directory: 'database.links'
2023-12-19 10:12:07,389 [WARNING] Database file unavailable, did you create it with 'update'?
2023-12-19 10:12:07,389 [WARNING] Message: [Errno 2] No such file or directory: 'database.links'
2023-12-19 11:19:46,317 [INFO] Get some coffee, this will take a while
2023-12-19 11:20:09,382 [INFO] Get some coffee, this will take a while
2023-12-19 11:20:24,537 [INFO] Good luck!
2023-12-19 11:20:59,569 [WARNING] Database file unavailable, did you create it with 'update'?
2023-12-19 11:20:59,569 [WARNING] Message: 0
2023-12-19 11:22:06,148 [WARNING] Database file unavailable, did you create it with 'update'?
2023-12-19 11:22:06,148 [WARNING] Message: 0
2023-12-19 11:22:55,173 [WARNING] Database file unavailable, did you create it with 'update'?
2023-12-19 11:22:55,173 [WARNING] Message: 0
2023-12-19 11:23:04,308 [WARNING] Database file unavailable, did you create it with 'update'?
2023-12-19 11:23:04,308 [WARNING] Message: 0
2023-12-19 11:23:12,268 [WARNING] Database file unavailable, did you create it with 'update'?
2023-12-19 11:23:12,268 [WARNING] Message: 0
